INFO [2025-08-26 19:40:52] [[1]]
INFO [2025-08-26 19:40:52] vlist
INFO [2025-08-26 19:40:52] 
INFO [2025-08-26 19:40:52] $file
INFO [2025-08-26 19:40:52] NULL
INFO [2025-08-26 19:40:52] 
INFO [2025-08-26 19:40:52] $force_unique
INFO [2025-08-26 19:40:52] venn_force_unique
INFO [2025-08-26 19:40:52] 
INFO [2025-08-26 19:40:52] $print.mode
INFO [2025-08-26 19:40:52] print_mode
INFO [2025-08-26 19:40:52] 
INFO [2025-08-26 19:40:52] $sigdigs
INFO [2025-08-26 19:40:52] venn_significant_digits
INFO [2025-08-26 19:40:52] 
INFO [2025-08-26 19:40:52] $margin
INFO [2025-08-26 19:40:52] venn_outer_margin
INFO [2025-08-26 19:40:52] 
INFO [2025-08-26 19:40:52] $main
INFO [2025-08-26 19:40:52] [1] ""
INFO [2025-08-26 19:40:52] 
INFO [2025-08-26 19:40:52] $cat.cex
INFO [2025-08-26 19:40:52] venn_font_size_for_category_names
INFO [2025-08-26 19:40:52] 
INFO [2025-08-26 19:40:52] $cex
INFO [2025-08-26 19:40:52] venn_font_size_for_counts
INFO [2025-08-26 19:40:52] 
INFO [2025-08-26 19:40:52] $main.cex
INFO [2025-08-26 19:40:52] [1] 3
INFO [2025-08-26 19:40:52] 
INFO [2025-08-26 19:40:52] $fill
INFO [2025-08-26 19:40:52] venn_fill_colors[1:num_categories]
INFO [2025-08-26 19:40:52] 
INFO [2025-08-26 19:40:52] $alpha
INFO [2025-08-26 19:40:52] venn_fill_transparency
INFO [2025-08-26 19:40:52] 
INFO [2025-08-26 19:40:52] $col
INFO [2025-08-26 19:40:52] color_border
INFO [2025-08-26 19:40:52] 
