INFO [2026-02-06 16:36:25] [[1]]
INFO [2026-02-06 16:36:25] vlist
INFO [2026-02-06 16:36:25] 
INFO [2026-02-06 16:36:25] $file
INFO [2026-02-06 16:36:25] NULL
INFO [2026-02-06 16:36:25] 
INFO [2026-02-06 16:36:25] $force_unique
INFO [2026-02-06 16:36:25] venn_force_unique
INFO [2026-02-06 16:36:25] 
INFO [2026-02-06 16:36:25] $print.mode
INFO [2026-02-06 16:36:25] print_mode
INFO [2026-02-06 16:36:25] 
INFO [2026-02-06 16:36:25] $sigdigs
INFO [2026-02-06 16:36:25] venn_significant_digits
INFO [2026-02-06 16:36:25] 
INFO [2026-02-06 16:36:25] $margin
INFO [2026-02-06 16:36:25] venn_outer_margin
INFO [2026-02-06 16:36:25] 
INFO [2026-02-06 16:36:25] $main
INFO [2026-02-06 16:36:25] [1] ""
INFO [2026-02-06 16:36:25] 
INFO [2026-02-06 16:36:25] $cat.cex
INFO [2026-02-06 16:36:25] venn_font_size_for_category_names
INFO [2026-02-06 16:36:25] 
INFO [2026-02-06 16:36:25] $cex
INFO [2026-02-06 16:36:25] venn_font_size_for_counts
INFO [2026-02-06 16:36:25] 
INFO [2026-02-06 16:36:25] $main.cex
INFO [2026-02-06 16:36:25] [1] 3
INFO [2026-02-06 16:36:25] 
INFO [2026-02-06 16:36:25] $fill
INFO [2026-02-06 16:36:25] venn_fill_colors[1:num_categories]
INFO [2026-02-06 16:36:25] 
INFO [2026-02-06 16:36:25] $alpha
INFO [2026-02-06 16:36:25] venn_fill_transparency
INFO [2026-02-06 16:36:25] 
INFO [2026-02-06 16:36:25] $col
INFO [2026-02-06 16:36:25] color_border
INFO [2026-02-06 16:36:25] 
