INFO [2025-08-26 20:07:16] [[1]]
INFO [2025-08-26 20:07:16] vlist
INFO [2025-08-26 20:07:16] 
INFO [2025-08-26 20:07:16] $file
INFO [2025-08-26 20:07:16] NULL
INFO [2025-08-26 20:07:16] 
INFO [2025-08-26 20:07:16] $force_unique
INFO [2025-08-26 20:07:16] venn_force_unique
INFO [2025-08-26 20:07:16] 
INFO [2025-08-26 20:07:16] $print.mode
INFO [2025-08-26 20:07:16] print_mode
INFO [2025-08-26 20:07:16] 
INFO [2025-08-26 20:07:16] $sigdigs
INFO [2025-08-26 20:07:16] venn_significant_digits
INFO [2025-08-26 20:07:16] 
INFO [2025-08-26 20:07:16] $margin
INFO [2025-08-26 20:07:16] venn_outer_margin
INFO [2025-08-26 20:07:16] 
INFO [2025-08-26 20:07:16] $main
INFO [2025-08-26 20:07:16] [1] ""
INFO [2025-08-26 20:07:16] 
INFO [2025-08-26 20:07:16] $cat.cex
INFO [2025-08-26 20:07:16] venn_font_size_for_category_names
INFO [2025-08-26 20:07:16] 
INFO [2025-08-26 20:07:16] $cex
INFO [2025-08-26 20:07:16] venn_font_size_for_counts
INFO [2025-08-26 20:07:16] 
INFO [2025-08-26 20:07:16] $main.cex
INFO [2025-08-26 20:07:16] [1] 3
INFO [2025-08-26 20:07:16] 
INFO [2025-08-26 20:07:16] $fill
INFO [2025-08-26 20:07:16] venn_fill_colors[1:num_categories]
INFO [2025-08-26 20:07:16] 
INFO [2025-08-26 20:07:16] $alpha
INFO [2025-08-26 20:07:16] venn_fill_transparency
INFO [2025-08-26 20:07:16] 
INFO [2025-08-26 20:07:16] $col
INFO [2025-08-26 20:07:16] color_border
INFO [2025-08-26 20:07:16] 
